{
  "0 debug pnpm:scope": {
    "selected": 1
  },
  "1 error pnpm": {
    "code": "ELIFECYCLE",
    "errno": "ENOENT",
    "syscall": "spawn",
    "file": "sh",
    "pkgid": "feature-based@0.0.0",
    "stage": "start",
    "script": "ng serve",
    "pkgname": "feature-based",
    "err": {
      "name": "pnpm",
      "message": "feature-based@0.0.0 start: `ng serve`\nspawn ENOENT",
      "code": "ELIFECYCLE",
      "stack": "pnpm: feature-based@0.0.0 start: `ng serve`\nspawn ENOENT\n    at ChildProcess.<anonymous> (/home/jeremy/.nvm/versions/node/v16.15.0/lib/node_modules/pnpm/dist/pnpm.cjs:93293:22)\n    at ChildProcess.emit (node:events:527:28)\n    at maybeClose (node:internal/child_process:1092:16)\n    at Process.ChildProcess._handle.onexit (node:internal/child_process:302:5)"
    }
  },
  "2 warn pnpm:global": " Local package.json exists, but node_modules missing, did you mean to install?"
}